  BinarySearchTree.cpp
C:\Users\mario\source\repos\TareaBinarySearchTree\TareaBinarySearchTree\BinarySearchTree.h(251,12): warning C4566: el carácter representado por el nombre de carácter universal '\uFFFD' no se puede representar en la página de códigos actual (1252)
  (compilando archivo de origen "BinarySearchTree.cpp")
  
C:\Users\mario\source\repos\TareaBinarySearchTree\TareaBinarySearchTree\BinarySearchTree.h(547,7): error C2535: 'void BinarySearchTree<T>::PostOrderIterative(void)': función miembro ya definida o declarada
  (compilando archivo de origen "BinarySearchTree.cpp")
      C:\Users\mario\source\repos\TareaBinarySearchTree\TareaBinarySearchTree\BinarySearchTree.h(375,7):
      vea la declaración de 'BinarySearchTree<T>::PostOrderIterative'
      C:\Users\mario\source\repos\TareaBinarySearchTree\TareaBinarySearchTree\BinarySearchTree.h(547,7):
      el contexto de creación de instancias de la plantilla (el más antiguo primero) es
          C:\Users\mario\source\repos\TareaBinarySearchTree\TareaBinarySearchTree\BinarySearchTree.h(14,7):
          al compilar la plantilla de clase 'BinarySearchTree'
  
C:\Users\mario\source\repos\TareaBinarySearchTree\TareaBinarySearchTree\BinarySearchTree.cpp(11,13): warning C4244: 'inicializando': conversión de 'double' a 'int'; posible pérdida de datos
C:\Users\mario\source\repos\TareaBinarySearchTree\TareaBinarySearchTree\BinarySearchTree.h(547,7): error C2535: 'void BinarySearchTree<int>::PostOrderIterative(void)': función miembro ya definida o declarada
  (compilando archivo de origen "BinarySearchTree.cpp")
      C:\Users\mario\source\repos\TareaBinarySearchTree\TareaBinarySearchTree\BinarySearchTree.h(375,7):
      vea la declaración de 'BinarySearchTree<int>::PostOrderIterative'
      C:\Users\mario\source\repos\TareaBinarySearchTree\TareaBinarySearchTree\BinarySearchTree.h(547,7):
      el contexto de creación de instancias de la plantilla (el más antiguo primero) es
          C:\Users\mario\source\repos\TareaBinarySearchTree\TareaBinarySearchTree\BinarySearchTree.cpp(17,24):
          Vea la referencia a la creación de una instancia de clase plantilla "BinarySearchTree<int>" que se está compilando
  
